<?xml version="1.0" encoding="UTF-8"?>
<testng-results ignored="0" total="1" passed="1" failed="0" skipped="0">
  <reporter-output>
  </reporter-output>
  <suite started-at="2025-05-28T12:23:16 IST" name="Default suite" finished-at="2025-05-28T12:24:06 IST" duration-ms="50177">
    <groups>
    </groups>
    <test started-at="2025-05-28T12:23:16 IST" name="Default test" finished-at="2025-05-28T12:24:06 IST" duration-ms="50177">
      <class name="tests.LoginTest">
        <test-method is-config="true" signature="setupBrowser()[pri:0, instance:tests.LoginTest@223d2c72]" started-at="2025-05-28T12:23:16 IST" name="setupBrowser" finished-at="2025-05-28T12:23:24 IST" duration-ms="8023" status="PASS">
          <reporter-output>
          </reporter-output>
        </test-method> <!-- setupBrowser -->
        <test-method signature="testLogin()[pri:0, instance:tests.LoginTest@223d2c72]" started-at="2025-05-28T12:23:24 IST" name="testLogin" finished-at="2025-05-28T12:24:06 IST" duration-ms="42099" status="PASS">
          <reporter-output>
          </reporter-output>
        </test-method> <!-- testLogin -->
      </class> <!-- tests.LoginTest -->
    </test> <!-- Default test -->
  </suite> <!-- Default suite -->
</testng-results>
